This file contains any messages produced by compilers while
running configure, to aid debugging if configure makes a mistake.

It was created by libvmod-logging configure trunk, which was
generated by GNU Autoconf 2.69.  Invocation command line was

  $ ./configure VARNISHSRC=/home/pratikku/vmod_build/Varnish-Cache VMODDIR=/usr/lib/x86_64-linux-gnu/varnish/vmods --no-create --no-recursion

## --------- ##
## Platform. ##
## --------- ##

hostname = pratikku-ThinkPad-X230
uname -m = x86_64
uname -r = 3.13.0-45-generic
uname -s = Linux
uname -v = #74-Ubuntu SMP Tue Jan 13 19:36:28 UTC 2015

/usr/bin/uname -p = unknown
/bin/uname -X     = unknown

/bin/arch              = unknown
/usr/bin/arch -k       = unknown
/usr/convex/getsysinfo = unknown
/usr/bin/hostinfo      = unknown
/bin/machine           = unknown
/usr/bin/oslevel       = unknown
/bin/universe          = unknown

PATH: /usr/local/sbin
PATH: /usr/local/bin
PATH: /usr/sbin
PATH: /usr/bin
PATH: /sbin
PATH: /bin
PATH: /usr/games
PATH: /usr/local/games


## ----------- ##
## Core tests. ##
## ----------- ##

configure:2266: checking build system type
configure:2280: result: x86_64-unknown-linux-gnu
configure:2300: checking host system type
configure:2313: result: x86_64-unknown-linux-gnu
configure:2333: checking target system type
configure:2346: result: x86_64-unknown-linux-gnu
configure:2396: checking for a BSD-compatible install
configure:2464: result: /usr/bin/install -c
configure:2475: checking whether build environment is sane
configure:2530: result: yes
configure:2681: checking for a thread-safe mkdir -p
configure:2720: result: /bin/mkdir -p
configure:2727: checking for gawk
configure:2757: result: no
configure:2727: checking for mawk
configure:2743: found /usr/bin/mawk
configure:2754: result: mawk
configure:2765: checking whether make sets $(MAKE)
configure:2787: result: yes
configure:2816: checking whether make supports nested variables
configure:2833: result: yes
configure:2971: checking for style of include used by make
configure:2999: result: GNU
configure:3070: checking for gcc
configure:3086: found /usr/bin/gcc
configure:3097: result: gcc
configure:3326: checking for C compiler version
configure:3335: gcc --version >&5
gcc (Ubuntu 4.8.2-19ubuntu1) 4.8.2
Copyright (C) 2013 Free Software Foundation, Inc.
This is free software; see the source for copying conditions.  There is NO
warranty; not even for MERCHANTABILITY or FITNESS FOR A PARTICULAR PURPOSE.

configure:3346: $? = 0
configure:3335: gcc -v >&5
Using built-in specs.
COLLECT_GCC=gcc
COLLECT_LTO_WRAPPER=/usr/lib/gcc/x86_64-linux-gnu/4.8/lto-wrapper
Target: x86_64-linux-gnu
Configured with: ../src/configure -v --with-pkgversion='Ubuntu 4.8.2-19ubuntu1' --with-bugurl=file:///usr/share/doc/gcc-4.8/README.Bugs --enable-languages=c,c++,java,go,d,fortran,objc,obj-c++ --prefix=/usr --program-suffix=-4.8 --enable-shared --enable-linker-build-id --libexecdir=/usr/lib --without-included-gettext --enable-threads=posix --with-gxx-include-dir=/usr/include/c++/4.8 --libdir=/usr/lib --enable-nls --with-sysroot=/ --enable-clocale=gnu --enable-libstdcxx-debug --enable-libstdcxx-time=yes --enable-gnu-unique-object --disable-libmudflap --enable-plugin --with-system-zlib --disable-browser-plugin --enable-java-awt=gtk --enable-gtk-cairo --with-java-home=/usr/lib/jvm/java-1.5.0-gcj-4.8-amd64/jre --enable-java-home --with-jvm-root-dir=/usr/lib/jvm/java-1.5.0-gcj-4.8-amd64 --with-jvm-jar-dir=/usr/lib/jvm-exports/java-1.5.0-gcj-4.8-amd64 --with-arch-directory=amd64 --with-ecj-jar=/usr/share/java/eclipse-ecj.jar --enable-objc-gc --enable-multiarch --disable-werror --with-arch-32=i686 --with-abi=m64 --with-multilib-list=m32,m64,mx32 --with-tune=generic --enable-checking=release --build=x86_64-linux-gnu --host=x86_64-linux-gnu --target=x86_64-linux-gnu
Thread model: posix
gcc version 4.8.2 (Ubuntu 4.8.2-19ubuntu1) 
configure:3346: $? = 0
configure:3335: gcc -V >&5
gcc: error: unrecognized command line option '-V'
gcc: fatal error: no input files
compilation terminated.
configure:3346: $? = 4
configure:3335: gcc -qversion >&5
gcc: error: unrecognized command line option '-qversion'
gcc: fatal error: no input files
compilation terminated.
configure:3346: $? = 4
configure:3366: checking whether the C compiler works
configure:3388: gcc    conftest.c  >&5
configure:3392: $? = 0
configure:3440: result: yes
configure:3443: checking for C compiler default output file name
configure:3445: result: a.out
configure:3451: checking for suffix of executables
configure:3458: gcc -o conftest    conftest.c  >&5
configure:3462: $? = 0
configure:3484: result: 
configure:3506: checking whether we are cross compiling
configure:3514: gcc -o conftest    conftest.c  >&5
configure:3518: $? = 0
configure:3525: ./conftest
configure:3529: $? = 0
configure:3544: result: no
configure:3549: checking for suffix of object files
configure:3571: gcc -c   conftest.c >&5
configure:3575: $? = 0
configure:3596: result: o
configure:3600: checking whether we are using the GNU C compiler
configure:3619: gcc -c   conftest.c >&5
configure:3619: $? = 0
configure:3628: result: yes
configure:3637: checking whether gcc accepts -g
configure:3657: gcc -c -g  conftest.c >&5
configure:3657: $? = 0
configure:3698: result: yes
configure:3715: checking for gcc option to accept ISO C89
configure:3778: gcc  -c -g -O2  conftest.c >&5
configure:3778: $? = 0
configure:3791: result: none needed
configure:3816: checking whether gcc understands -c and -o together
configure:3838: gcc -c conftest.c -o conftest2.o
configure:3841: $? = 0
configure:3838: gcc -c conftest.c -o conftest2.o
configure:3841: $? = 0
configure:3853: result: yes
configure:3872: checking dependency style of gcc
configure:3983: result: gcc3
configure:4004: checking how to run the C preprocessor
configure:4035: gcc -E  conftest.c
configure:4035: $? = 0
configure:4049: gcc -E  conftest.c
conftest.c:11:28: fatal error: ac_nonexistent.h: No such file or directory
 #include <ac_nonexistent.h>
                            ^
compilation terminated.
configure:4049: $? = 1
configure: failed program was:
| /* confdefs.h */
| #define PACKAGE_NAME "libvmod-logging"
| #define PACKAGE_TARNAME "libvmod-logging"
| #define PACKAGE_VERSION "trunk"
| #define PACKAGE_STRING "libvmod-logging trunk"
| #define PACKAGE_BUGREPORT ""
| #define PACKAGE_URL ""
| #define PACKAGE "libvmod-logging"
| #define VERSION "trunk"
| /* end confdefs.h.  */
| #include <ac_nonexistent.h>
configure:4074: result: gcc -E
configure:4094: gcc -E  conftest.c
configure:4094: $? = 0
configure:4108: gcc -E  conftest.c
conftest.c:11:28: fatal error: ac_nonexistent.h: No such file or directory
 #include <ac_nonexistent.h>
                            ^
compilation terminated.
configure:4108: $? = 1
configure: failed program was:
| /* confdefs.h */
| #define PACKAGE_NAME "libvmod-logging"
| #define PACKAGE_TARNAME "libvmod-logging"
| #define PACKAGE_VERSION "trunk"
| #define PACKAGE_STRING "libvmod-logging trunk"
| #define PACKAGE_BUGREPORT ""
| #define PACKAGE_URL ""
| #define PACKAGE "libvmod-logging"
| #define VERSION "trunk"
| /* end confdefs.h.  */
| #include <ac_nonexistent.h>
configure:4137: checking for grep that handles long lines and -e
configure:4195: result: /bin/grep
configure:4200: checking for egrep
configure:4262: result: /bin/grep -E
configure:4267: checking for ANSI C header files
configure:4287: gcc -c -g -O2  conftest.c >&5
configure:4287: $? = 0
configure:4360: gcc -o conftest -g -O2   conftest.c  >&5
configure:4360: $? = 0
configure:4360: ./conftest
configure:4360: $? = 0
configure:4371: result: yes
configure:4384: checking for sys/types.h
configure:4384: gcc -c -g -O2  conftest.c >&5
configure:4384: $? = 0
configure:4384: result: yes
configure:4384: checking for sys/stat.h
configure:4384: gcc -c -g -O2  conftest.c >&5
configure:4384: $? = 0
configure:4384: result: yes
configure:4384: checking for stdlib.h
configure:4384: gcc -c -g -O2  conftest.c >&5
configure:4384: $? = 0
configure:4384: result: yes
configure:4384: checking for string.h
configure:4384: gcc -c -g -O2  conftest.c >&5
configure:4384: $? = 0
configure:4384: result: yes
configure:4384: checking for memory.h
configure:4384: gcc -c -g -O2  conftest.c >&5
configure:4384: $? = 0
configure:4384: result: yes
configure:4384: checking for strings.h
configure:4384: gcc -c -g -O2  conftest.c >&5
configure:4384: $? = 0
configure:4384: result: yes
configure:4384: checking for inttypes.h
configure:4384: gcc -c -g -O2  conftest.c >&5
configure:4384: $? = 0
configure:4384: result: yes
configure:4384: checking for stdint.h
configure:4384: gcc -c -g -O2  conftest.c >&5
configure:4384: $? = 0
configure:4384: result: yes
configure:4384: checking for unistd.h
configure:4384: gcc -c -g -O2  conftest.c >&5
configure:4384: $? = 0
configure:4384: result: yes
configure:4397: checking minix/config.h usability
configure:4397: gcc -c -g -O2  conftest.c >&5
conftest.c:54:26: fatal error: minix/config.h: No such file or directory
 #include <minix/config.h>
                          ^
compilation terminated.
configure:4397: $? = 1
configure: failed program was:
| /* confdefs.h */
| #define PACKAGE_NAME "libvmod-logging"
| #define PACKAGE_TARNAME "libvmod-logging"
| #define PACKAGE_VERSION "trunk"
| #define PACKAGE_STRING "libvmod-logging trunk"
| #define PACKAGE_BUGREPORT ""
| #define PACKAGE_URL ""
| #define PACKAGE "libvmod-logging"
| #define VERSION "trunk"
| #define STDC_HEADERS 1
| #define HAVE_SYS_TYPES_H 1
| #define HAVE_SYS_STAT_H 1
| #define HAVE_STDLIB_H 1
| #define HAVE_STRING_H 1
| #define HAVE_MEMORY_H 1
| #define HAVE_STRINGS_H 1
| #define HAVE_INTTYPES_H 1
| #define HAVE_STDINT_H 1
| #define HAVE_UNISTD_H 1
| /* end confdefs.h.  */
| #include <stdio.h>
| #ifdef HAVE_SYS_TYPES_H
| # include <sys/types.h>
| #endif
| #ifdef HAVE_SYS_STAT_H
| # include <sys/stat.h>
| #endif
| #ifdef STDC_HEADERS
| # include <stdlib.h>
| # include <stddef.h>
| #else
| # ifdef HAVE_STDLIB_H
| #  include <stdlib.h>
| # endif
| #endif
| #ifdef HAVE_STRING_H
| # if !defined STDC_HEADERS && defined HAVE_MEMORY_H
| #  include <memory.h>
| # endif
| # include <string.h>
| #endif
| #ifdef HAVE_STRINGS_H
| # include <strings.h>
| #endif
| #ifdef HAVE_INTTYPES_H
| # include <inttypes.h>
| #endif
| #ifdef HAVE_STDINT_H
| # include <stdint.h>
| #endif
| #ifdef HAVE_UNISTD_H
| # include <unistd.h>
| #endif
| #include <minix/config.h>
configure:4397: result: no
configure:4397: checking minix/config.h presence
configure:4397: gcc -E  conftest.c
conftest.c:21:26: fatal error: minix/config.h: No such file or directory
 #include <minix/config.h>
                          ^
compilation terminated.
configure:4397: $? = 1
configure: failed program was:
| /* confdefs.h */
| #define PACKAGE_NAME "libvmod-logging"
| #define PACKAGE_TARNAME "libvmod-logging"
| #define PACKAGE_VERSION "trunk"
| #define PACKAGE_STRING "libvmod-logging trunk"
| #define PACKAGE_BUGREPORT ""
| #define PACKAGE_URL ""
| #define PACKAGE "libvmod-logging"
| #define VERSION "trunk"
| #define STDC_HEADERS 1
| #define HAVE_SYS_TYPES_H 1
| #define HAVE_SYS_STAT_H 1
| #define HAVE_STDLIB_H 1
| #define HAVE_STRING_H 1
| #define HAVE_MEMORY_H 1
| #define HAVE_STRINGS_H 1
| #define HAVE_INTTYPES_H 1
| #define HAVE_STDINT_H 1
| #define HAVE_UNISTD_H 1
| /* end confdefs.h.  */
| #include <minix/config.h>
configure:4397: result: no
configure:4397: checking for minix/config.h
configure:4397: result: no
configure:4418: checking whether it is safe to define __EXTENSIONS__
configure:4436: gcc -c -g -O2  conftest.c >&5
configure:4436: $? = 0
configure:4443: result: yes
configure:4506: checking for gcc
configure:4533: result: gcc
configure:4762: checking for C compiler version
configure:4771: gcc --version >&5
gcc (Ubuntu 4.8.2-19ubuntu1) 4.8.2
Copyright (C) 2013 Free Software Foundation, Inc.
This is free software; see the source for copying conditions.  There is NO
warranty; not even for MERCHANTABILITY or FITNESS FOR A PARTICULAR PURPOSE.

configure:4782: $? = 0
configure:4771: gcc -v >&5
Using built-in specs.
COLLECT_GCC=gcc
COLLECT_LTO_WRAPPER=/usr/lib/gcc/x86_64-linux-gnu/4.8/lto-wrapper
Target: x86_64-linux-gnu
Configured with: ../src/configure -v --with-pkgversion='Ubuntu 4.8.2-19ubuntu1' --with-bugurl=file:///usr/share/doc/gcc-4.8/README.Bugs --enable-languages=c,c++,java,go,d,fortran,objc,obj-c++ --prefix=/usr --program-suffix=-4.8 --enable-shared --enable-linker-build-id --libexecdir=/usr/lib --without-included-gettext --enable-threads=posix --with-gxx-include-dir=/usr/include/c++/4.8 --libdir=/usr/lib --enable-nls --with-sysroot=/ --enable-clocale=gnu --enable-libstdcxx-debug --enable-libstdcxx-time=yes --enable-gnu-unique-object --disable-libmudflap --enable-plugin --with-system-zlib --disable-browser-plugin --enable-java-awt=gtk --enable-gtk-cairo --with-java-home=/usr/lib/jvm/java-1.5.0-gcj-4.8-amd64/jre --enable-java-home --with-jvm-root-dir=/usr/lib/jvm/java-1.5.0-gcj-4.8-amd64 --with-jvm-jar-dir=/usr/lib/jvm-exports/java-1.5.0-gcj-4.8-amd64 --with-arch-directory=amd64 --with-ecj-jar=/usr/share/java/eclipse-ecj.jar --enable-objc-gc --enable-multiarch --disable-werror --with-arch-32=i686 --with-abi=m64 --with-multilib-list=m32,m64,mx32 --with-tune=generic --enable-checking=release --build=x86_64-linux-gnu --host=x86_64-linux-gnu --target=x86_64-linux-gnu
Thread model: posix
gcc version 4.8.2 (Ubuntu 4.8.2-19ubuntu1) 
configure:4782: $? = 0
configure:4771: gcc -V >&5
gcc: error: unrecognized command line option '-V'
gcc: fatal error: no input files
compilation terminated.
configure:4782: $? = 4
configure:4771: gcc -qversion >&5
gcc: error: unrecognized command line option '-qversion'
gcc: fatal error: no input files
compilation terminated.
configure:4782: $? = 4
configure:4786: checking whether we are using the GNU C compiler
configure:4814: result: yes
configure:4823: checking whether gcc accepts -g
configure:4884: result: yes
configure:4901: checking for gcc option to accept ISO C89
configure:4977: result: none needed
configure:5002: checking whether gcc understands -c and -o together
configure:5039: result: yes
configure:5058: checking dependency style of gcc
configure:5169: result: gcc3
configure:5188: checking for gcc option to accept ISO C99
configure:5337: gcc  -c -g -O2  conftest.c >&5
conftest.c:76:29: error: expected ';', ',' or ')' before 'text'
 test_restrict (ccp restrict text)
                             ^
conftest.c: In function 'main':
conftest.c:130:18: error: expected '=', ',', ';', 'asm' or '__attribute__' before 'newvar'
   char *restrict newvar = "Another string";
                  ^
conftest.c:130:18: error: 'newvar' undeclared (first use in this function)
conftest.c:130:18: note: each undeclared identifier is reported only once for each function it appears in
conftest.c:140:3: error: 'for' loop initial declarations are only allowed in C99 mode
   for (int i = 0; i < ia->datasize; ++i)
   ^
conftest.c:140:3: note: use option -std=c99 or -std=gnu99 to compile your code
configure:5337: $? = 1
configure: failed program was:
| /* confdefs.h */
| #define PACKAGE_NAME "libvmod-logging"
| #define PACKAGE_TARNAME "libvmod-logging"
| #define PACKAGE_VERSION "trunk"
| #define PACKAGE_STRING "libvmod-logging trunk"
| #define PACKAGE_BUGREPORT ""
| #define PACKAGE_URL ""
| #define PACKAGE "libvmod-logging"
| #define VERSION "trunk"
| #define STDC_HEADERS 1
| #define HAVE_SYS_TYPES_H 1
| #define HAVE_SYS_STAT_H 1
| #define HAVE_STDLIB_H 1
| #define HAVE_STRING_H 1
| #define HAVE_MEMORY_H 1
| #define HAVE_STRINGS_H 1
| #define HAVE_INTTYPES_H 1
| #define HAVE_STDINT_H 1
| #define HAVE_UNISTD_H 1
| #define __EXTENSIONS__ 1
| #define _ALL_SOURCE 1
| #define _GNU_SOURCE 1
| #define _POSIX_PTHREAD_SEMANTICS 1
| #define _TANDEM_SOURCE 1
| /* end confdefs.h.  */
| #include <stdarg.h>
| #include <stdbool.h>
| #include <stdlib.h>
| #include <wchar.h>
| #include <stdio.h>
| 
| // Check varargs macros.  These examples are taken from C99 6.10.3.5.
| #define debug(...) fprintf (stderr, __VA_ARGS__)
| #define showlist(...) puts (#__VA_ARGS__)
| #define report(test,...) ((test) ? puts (#test) : printf (__VA_ARGS__))
| static void
| test_varargs_macros (void)
| {
|   int x = 1234;
|   int y = 5678;
|   debug ("Flag");
|   debug ("X = %d\n", x);
|   showlist (The first, second, and third items.);
|   report (x>y, "x is %d but y is %d", x, y);
| }
| 
| // Check long long types.
| #define BIG64 18446744073709551615ull
| #define BIG32 4294967295ul
| #define BIG_OK (BIG64 / BIG32 == 4294967297ull && BIG64 % BIG32 == 0)
| #if !BIG_OK
|   your preprocessor is broken;
| #endif
| #if BIG_OK
| #else
|   your preprocessor is broken;
| #endif
| static long long int bignum = -9223372036854775807LL;
| static unsigned long long int ubignum = BIG64;
| 
| struct incomplete_array
| {
|   int datasize;
|   double data[];
| };
| 
| struct named_init {
|   int number;
|   const wchar_t *name;
|   double average;
| };
| 
| typedef const char *ccp;
| 
| static inline int
| test_restrict (ccp restrict text)
| {
|   // See if C++-style comments work.
|   // Iterate through items via the restricted pointer.
|   // Also check for declarations in for loops.
|   for (unsigned int i = 0; *(text+i) != '\0'; ++i)
|     continue;
|   return 0;
| }
| 
| // Check varargs and va_copy.
| static void
| test_varargs (const char *format, ...)
| {
|   va_list args;
|   va_start (args, format);
|   va_list args_copy;
|   va_copy (args_copy, args);
| 
|   const char *str;
|   int number;
|   float fnumber;
| 
|   while (*format)
|     {
|       switch (*format++)
| 	{
| 	case 's': // string
| 	  str = va_arg (args_copy, const char *);
| 	  break;
| 	case 'd': // int
| 	  number = va_arg (args_copy, int);
| 	  break;
| 	case 'f': // float
| 	  fnumber = va_arg (args_copy, double);
| 	  break;
| 	default:
| 	  break;
| 	}
|     }
|   va_end (args_copy);
|   va_end (args);
| }
| 
| int
| main ()
| {
| 
|   // Check bool.
|   _Bool success = false;
| 
|   // Check restrict.
|   if (test_restrict ("String literal") == 0)
|     success = true;
|   char *restrict newvar = "Another string";
| 
|   // Check varargs.
|   test_varargs ("s, d' f .", "string", 65, 34.234);
|   test_varargs_macros ();
| 
|   // Check flexible array members.
|   struct incomplete_array *ia =
|     malloc (sizeof (struct incomplete_array) + (sizeof (double) * 10));
|   ia->datasize = 10;
|   for (int i = 0; i < ia->datasize; ++i)
|     ia->data[i] = i * 1.234;
| 
|   // Check named initializers.
|   struct named_init ni = {
|     .number = 34,
|     .name = L"Test wide string",
|     .average = 543.34343,
|   };
| 
|   ni.number = 58;
| 
|   int dynamic_array[ni.number];
|   dynamic_array[ni.number - 1] = 543;
| 
|   // work around unused variable warnings
|   return (!success || bignum == 0LL || ubignum == 0uLL || newvar[0] == 'x'
| 	  || dynamic_array[ni.number - 1] != 543);
| 
|   ;
|   return 0;
| }
configure:5337: gcc -std=gnu99 -c -g -O2  conftest.c >&5
configure:5337: $? = 0
configure:5357: result: -std=gnu99
configure:5458: checking for gcc -std=gnu99 option to accept ISO Standard C
configure:5472: result: -std=gnu99
configure:5484: checking how to run the C preprocessor
configure:5554: result: gcc -E
configure:5574: gcc -E  conftest.c
configure:5574: $? = 0
configure:5588: gcc -E  conftest.c
conftest.c:26:28: fatal error: ac_nonexistent.h: No such file or directory
 #include <ac_nonexistent.h>
                            ^
compilation terminated.
configure:5588: $? = 1
configure: failed program was:
| /* confdefs.h */
| #define PACKAGE_NAME "libvmod-logging"
| #define PACKAGE_TARNAME "libvmod-logging"
| #define PACKAGE_VERSION "trunk"
| #define PACKAGE_STRING "libvmod-logging trunk"
| #define PACKAGE_BUGREPORT ""
| #define PACKAGE_URL ""
| #define PACKAGE "libvmod-logging"
| #define VERSION "trunk"
| #define STDC_HEADERS 1
| #define HAVE_SYS_TYPES_H 1
| #define HAVE_SYS_STAT_H 1
| #define HAVE_STDLIB_H 1
| #define HAVE_STRING_H 1
| #define HAVE_MEMORY_H 1
| #define HAVE_STRINGS_H 1
| #define HAVE_INTTYPES_H 1
| #define HAVE_STDINT_H 1
| #define HAVE_UNISTD_H 1
| #define __EXTENSIONS__ 1
| #define _ALL_SOURCE 1
| #define _GNU_SOURCE 1
| #define _POSIX_PTHREAD_SEMANTICS 1
| #define _TANDEM_SOURCE 1
| /* end confdefs.h.  */
| #include <ac_nonexistent.h>
configure:5664: checking how to print strings
configure:5691: result: printf
configure:5712: checking for a sed that does not truncate output
configure:5776: result: /bin/sed
configure:5794: checking for fgrep
configure:5856: result: /bin/grep -F
configure:5891: checking for ld used by gcc -std=gnu99
configure:5958: result: /usr/bin/ld
configure:5965: checking if the linker (/usr/bin/ld) is GNU ld
configure:5980: result: yes
configure:5992: checking for BSD- or MS-compatible name lister (nm)
configure:6041: result: /usr/bin/nm -B
configure:6171: checking the name lister (/usr/bin/nm -B) interface
configure:6178: gcc -std=gnu99 -c -g -O2  conftest.c >&5
configure:6181: /usr/bin/nm -B "conftest.o"
configure:6184: output
0000000000000000 B some_variable
configure:6191: result: BSD nm
configure:6194: checking whether ln -s works
configure:6198: result: yes
configure:6206: checking the maximum length of command line arguments
configure:6337: result: 3458764513820540925
configure:6354: checking whether the shell understands some XSI constructs
configure:6364: result: yes
configure:6368: checking whether the shell understands "+="
configure:6374: result: yes
configure:6409: checking how to convert x86_64-unknown-linux-gnu file names to x86_64-unknown-linux-gnu format
configure:6449: result: func_convert_file_noop
configure:6456: checking how to convert x86_64-unknown-linux-gnu file names to toolchain format
configure:6476: result: func_convert_file_noop
configure:6483: checking for /usr/bin/ld option to reload object files
configure:6490: result: -r
configure:6564: checking for objdump
configure:6580: found /usr/bin/objdump
configure:6591: result: objdump
configure:6623: checking how to recognize dependent libraries
configure:6821: result: pass_all
configure:6906: checking for dlltool
configure:6936: result: no
configure:6966: checking how to associate runtime and link libraries
configure:6993: result: printf %s\n
configure:7053: checking for ar
configure:7069: found /usr/bin/ar
configure:7080: result: ar
configure:7117: checking for archiver @FILE support
configure:7134: gcc -std=gnu99 -c -g -O2  conftest.c >&5
configure:7134: $? = 0
configure:7137: ar cru libconftest.a @conftest.lst >&5
configure:7140: $? = 0
configure:7145: ar cru libconftest.a @conftest.lst >&5
ar: conftest.o: No such file or directory
configure:7148: $? = 1
configure:7160: result: @
configure:7218: checking for strip
configure:7234: found /usr/bin/strip
configure:7245: result: strip
configure:7317: checking for ranlib
configure:7333: found /usr/bin/ranlib
configure:7344: result: ranlib
configure:7446: checking command to parse /usr/bin/nm -B output from gcc -std=gnu99 object
configure:7566: gcc -std=gnu99 -c -g -O2  conftest.c >&5
configure:7569: $? = 0
configure:7573: /usr/bin/nm -B conftest.o \| sed -n -e 's/^.*[ ]\([ABCDGIRSTW][ABCDGIRSTW]*\)[ ][ ]*\([_A-Za-z][_A-Za-z0-9]*\)$/\1 \2 \2/p' | sed '/ __gnu_lto/d' \> conftest.nm
configure:7576: $? = 0
configure:7642: gcc -std=gnu99 -o conftest -g -O2   conftest.c conftstm.o >&5
configure:7645: $? = 0
configure:7683: result: ok
configure:7720: checking for sysroot
configure:7750: result: no
configure:7827: gcc -std=gnu99 -c -g -O2  conftest.c >&5
configure:7830: $? = 0
configure:8019: checking for mt
configure:8035: found /bin/mt
configure:8046: result: mt
configure:8069: checking if mt is a manifest tool
configure:8075: mt '-?'
configure:8083: result: no
configure:8722: checking for dlfcn.h
configure:8722: gcc -std=gnu99 -c -g -O2  conftest.c >&5
configure:8722: $? = 0
configure:8722: result: yes
configure:8928: checking for objdir
configure:8943: result: .libs
configure:9214: checking if gcc -std=gnu99 supports -fno-rtti -fno-exceptions
configure:9232: gcc -std=gnu99 -c -g -O2  -fno-rtti -fno-exceptions conftest.c >&5
cc1: warning: command line option '-fno-rtti' is valid for C++/ObjC++ but not for C [enabled by default]
configure:9236: $? = 0
configure:9249: result: no
configure:9576: checking for gcc -std=gnu99 option to produce PIC
configure:9583: result: -fPIC -DPIC
configure:9591: checking if gcc -std=gnu99 PIC flag -fPIC -DPIC works
configure:9609: gcc -std=gnu99 -c -g -O2  -fPIC -DPIC -DPIC conftest.c >&5
configure:9613: $? = 0
configure:9626: result: yes
configure:9655: checking if gcc -std=gnu99 static flag -static works
configure:9683: result: yes
configure:9698: checking if gcc -std=gnu99 supports -c -o file.o
configure:9719: gcc -std=gnu99 -c -g -O2  -o out/conftest2.o conftest.c >&5
configure:9723: $? = 0
configure:9745: result: yes
configure:9753: checking if gcc -std=gnu99 supports -c -o file.o
configure:9800: result: yes
configure:9833: checking whether the gcc -std=gnu99 linker (/usr/bin/ld -m elf_x86_64) supports shared libraries
configure:10990: result: yes
configure:11027: checking whether -lc should be explicitly linked in
configure:11035: gcc -std=gnu99 -c -g -O2  conftest.c >&5
configure:11038: $? = 0
configure:11053: gcc -std=gnu99 -shared  -fPIC -DPIC conftest.o  -v -Wl,-soname -Wl,conftest -o conftest 2\>\&1 \| /bin/grep  -lc  \>/dev/null 2\>\&1
configure:11056: $? = 0
configure:11070: result: no
configure:11230: checking dynamic linker characteristics
configure:11730: gcc -std=gnu99 -o conftest -g -O2   -Wl,-rpath -Wl,/foo conftest.c  >&5
configure:11730: $? = 0
configure:11964: result: GNU/Linux ld.so
configure:12071: checking how to hardcode library paths into programs
configure:12096: result: immediate
configure:12636: checking whether stripping libraries is possible
configure:12641: result: yes
configure:12676: checking if libtool supports shared libraries
configure:12678: result: yes
configure:12681: checking whether to build shared libraries
configure:12702: result: yes
configure:12705: checking whether to build static libraries
configure:12709: result: yes
configure:12746: checking whether make sets $(MAKE)
configure:12768: result: yes
configure:12783: checking for rst2man
configure:12799: found /usr/bin/rst2man
configure:12810: result: rst2man
configure:12890: checking for pkg-config
configure:12908: found /usr/bin/pkg-config
configure:12920: result: /usr/bin/pkg-config
configure:12945: checking pkg-config is at least version 0.9.0
configure:12948: result: yes
configure:12958: checking for ANSI C header files
configure:13062: result: yes
configure:13072: checking sys/stdlib.h usability
configure:13072: gcc -std=gnu99 -c -g -O2  conftest.c >&5
conftest.c:62:24: fatal error: sys/stdlib.h: No such file or directory
 #include <sys/stdlib.h>
                        ^
compilation terminated.
configure:13072: $? = 1
configure: failed program was:
| /* confdefs.h */
| #define PACKAGE_NAME "libvmod-logging"
| #define PACKAGE_TARNAME "libvmod-logging"
| #define PACKAGE_VERSION "trunk"
| #define PACKAGE_STRING "libvmod-logging trunk"
| #define PACKAGE_BUGREPORT ""
| #define PACKAGE_URL ""
| #define PACKAGE "libvmod-logging"
| #define VERSION "trunk"
| #define STDC_HEADERS 1
| #define HAVE_SYS_TYPES_H 1
| #define HAVE_SYS_STAT_H 1
| #define HAVE_STDLIB_H 1
| #define HAVE_STRING_H 1
| #define HAVE_MEMORY_H 1
| #define HAVE_STRINGS_H 1
| #define HAVE_INTTYPES_H 1
| #define HAVE_STDINT_H 1
| #define HAVE_UNISTD_H 1
| #define __EXTENSIONS__ 1
| #define _ALL_SOURCE 1
| #define _GNU_SOURCE 1
| #define _POSIX_PTHREAD_SEMANTICS 1
| #define _TANDEM_SOURCE 1
| #define HAVE_DLFCN_H 1
| #define LT_OBJDIR ".libs/"
| #define STDC_HEADERS 1
| /* end confdefs.h.  */
| #include <stdio.h>
| #ifdef HAVE_SYS_TYPES_H
| # include <sys/types.h>
| #endif
| #ifdef HAVE_SYS_STAT_H
| # include <sys/stat.h>
| #endif
| #ifdef STDC_HEADERS
| # include <stdlib.h>
| # include <stddef.h>
| #else
| # ifdef HAVE_STDLIB_H
| #  include <stdlib.h>
| # endif
| #endif
| #ifdef HAVE_STRING_H
| # if !defined STDC_HEADERS && defined HAVE_MEMORY_H
| #  include <memory.h>
| # endif
| # include <string.h>
| #endif
| #ifdef HAVE_STRINGS_H
| # include <strings.h>
| #endif
| #ifdef HAVE_INTTYPES_H
| # include <inttypes.h>
| #endif
| #ifdef HAVE_STDINT_H
| # include <stdint.h>
| #endif
| #ifdef HAVE_UNISTD_H
| # include <unistd.h>
| #endif
| #include <sys/stdlib.h>
configure:13072: result: no
configure:13072: checking sys/stdlib.h presence
configure:13072: gcc -E  conftest.c
conftest.c:29:24: fatal error: sys/stdlib.h: No such file or directory
 #include <sys/stdlib.h>
                        ^
compilation terminated.
configure:13072: $? = 1
configure: failed program was:
| /* confdefs.h */
| #define PACKAGE_NAME "libvmod-logging"
| #define PACKAGE_TARNAME "libvmod-logging"
| #define PACKAGE_VERSION "trunk"
| #define PACKAGE_STRING "libvmod-logging trunk"
| #define PACKAGE_BUGREPORT ""
| #define PACKAGE_URL ""
| #define PACKAGE "libvmod-logging"
| #define VERSION "trunk"
| #define STDC_HEADERS 1
| #define HAVE_SYS_TYPES_H 1
| #define HAVE_SYS_STAT_H 1
| #define HAVE_STDLIB_H 1
| #define HAVE_STRING_H 1
| #define HAVE_MEMORY_H 1
| #define HAVE_STRINGS_H 1
| #define HAVE_INTTYPES_H 1
| #define HAVE_STDINT_H 1
| #define HAVE_UNISTD_H 1
| #define __EXTENSIONS__ 1
| #define _ALL_SOURCE 1
| #define _GNU_SOURCE 1
| #define _POSIX_PTHREAD_SEMANTICS 1
| #define _TANDEM_SOURCE 1
| #define HAVE_DLFCN_H 1
| #define LT_OBJDIR ".libs/"
| #define STDC_HEADERS 1
| /* end confdefs.h.  */
| #include <sys/stdlib.h>
configure:13072: result: no
configure:13072: checking for sys/stdlib.h
configure:13072: result: no
configure:13088: checking for python3
configure:13104: found /usr/bin/python3
configure:13115: result: python3
configure:13135: checking for /home/pratikku/vmod_build/Varnish-Cache/include/varnishapi.h
configure:13149: result: yes
configure:13164: checking for /home/pratikku/vmod_build/Varnish-Cache/bin/varnishtest/varnishtest
configure:13178: result: yes
configure:13314: checking that generated files are newer than configure
configure:13320: result: done
configure:13351: creating ./config.status

## ---------------- ##
## Cache variables. ##
## ---------------- ##

ac_cv_build=x86_64-unknown-linux-gnu
ac_cv_c_compiler_gnu=yes
ac_cv_env_CC_set=
ac_cv_env_CC_value=
ac_cv_env_CFLAGS_set=
ac_cv_env_CFLAGS_value=
ac_cv_env_CPPFLAGS_set=
ac_cv_env_CPPFLAGS_value=
ac_cv_env_CPP_set=
ac_cv_env_CPP_value=
ac_cv_env_LDFLAGS_set=
ac_cv_env_LDFLAGS_value=
ac_cv_env_LIBS_set=
ac_cv_env_LIBS_value=
ac_cv_env_PKG_CONFIG_LIBDIR_set=
ac_cv_env_PKG_CONFIG_LIBDIR_value=
ac_cv_env_PKG_CONFIG_PATH_set=
ac_cv_env_PKG_CONFIG_PATH_value=
ac_cv_env_PKG_CONFIG_set=
ac_cv_env_PKG_CONFIG_value=
ac_cv_env_VARNISHSRC_set=set
ac_cv_env_VARNISHSRC_value=/home/pratikku/vmod_build/Varnish-Cache
ac_cv_env_VMODDIR_set=set
ac_cv_env_VMODDIR_value=/usr/lib/x86_64-linux-gnu/varnish/vmods
ac_cv_env_build_alias_set=
ac_cv_env_build_alias_value=
ac_cv_env_host_alias_set=
ac_cv_env_host_alias_value=
ac_cv_env_target_alias_set=
ac_cv_env_target_alias_value=
ac_cv_file__home_pratikku_vmod_build_Varnish_Cache_bin_varnishtest_varnishtest=yes
ac_cv_file__home_pratikku_vmod_build_Varnish_Cache_include_varnishapi_h=yes
ac_cv_header_dlfcn_h=yes
ac_cv_header_inttypes_h=yes
ac_cv_header_memory_h=yes
ac_cv_header_minix_config_h=no
ac_cv_header_stdc=yes
ac_cv_header_stdint_h=yes
ac_cv_header_stdlib_h=yes
ac_cv_header_string_h=yes
ac_cv_header_strings_h=yes
ac_cv_header_sys_stat_h=yes
ac_cv_header_sys_stdlib_h=no
ac_cv_header_sys_types_h=yes
ac_cv_header_unistd_h=yes
ac_cv_host=x86_64-unknown-linux-gnu
ac_cv_objext=o
ac_cv_path_EGREP='/bin/grep -E'
ac_cv_path_FGREP='/bin/grep -F'
ac_cv_path_GREP=/bin/grep
ac_cv_path_SED=/bin/sed
ac_cv_path_ac_pt_PKG_CONFIG=/usr/bin/pkg-config
ac_cv_path_install='/usr/bin/install -c'
ac_cv_path_mkdir=/bin/mkdir
ac_cv_prog_AWK=mawk
ac_cv_prog_CPP='gcc -E'
ac_cv_prog_PYTHON=python3
ac_cv_prog_RST2MAN=rst2man
ac_cv_prog_ac_ct_AR=ar
ac_cv_prog_ac_ct_CC=gcc
ac_cv_prog_ac_ct_MANIFEST_TOOL=mt
ac_cv_prog_ac_ct_OBJDUMP=objdump
ac_cv_prog_ac_ct_RANLIB=ranlib
ac_cv_prog_ac_ct_STRIP=strip
ac_cv_prog_cc_c89=
ac_cv_prog_cc_c99=-std=gnu99
ac_cv_prog_cc_g=yes
ac_cv_prog_cc_stdc=-std=gnu99
ac_cv_prog_make_make_set=yes
ac_cv_safe_to_define___extensions__=yes
ac_cv_target=x86_64-unknown-linux-gnu
am_cv_CC_dependencies_compiler_type=gcc3
am_cv_make_support_nested_variables=yes
am_cv_prog_cc_c_o=yes
lt_cv_ar_at_file=@
lt_cv_archive_cmds_need_lc=no
lt_cv_deplibs_check_method=pass_all
lt_cv_file_magic_cmd='$MAGIC_CMD'
lt_cv_file_magic_test_file=
lt_cv_ld_reload_flag=-r
lt_cv_nm_interface='BSD nm'
lt_cv_objdir=.libs
lt_cv_path_LD=/usr/bin/ld
lt_cv_path_NM='/usr/bin/nm -B'
lt_cv_path_mainfest_tool=no
lt_cv_prog_compiler_c_o=yes
lt_cv_prog_compiler_pic='-fPIC -DPIC'
lt_cv_prog_compiler_pic_works=yes
lt_cv_prog_compiler_rtti_exceptions=no
lt_cv_prog_compiler_static_works=yes
lt_cv_prog_gnu_ld=yes
lt_cv_sharedlib_from_linklib_cmd='printf %s\n'
lt_cv_shlibpath_overrides_runpath=no
lt_cv_sys_global_symbol_pipe='sed -n -e '\''s/^.*[	 ]\([ABCDGIRSTW][ABCDGIRSTW]*\)[	 ][	 ]*\([_A-Za-z][_A-Za-z0-9]*\)$/\1 \2 \2/p'\'' | sed '\''/ __gnu_lto/d'\'''
lt_cv_sys_global_symbol_to_c_name_address='sed -n -e '\''s/^: \([^ ]*\)[ ]*$/  {\"\1\", (void *) 0},/p'\'' -e '\''s/^[ABCDGIRSTW]* \([^ ]*\) \([^ ]*\)$/  {"\2", (void *) \&\2},/p'\'''
lt_cv_sys_global_symbol_to_c_name_address_lib_prefix='sed -n -e '\''s/^: \([^ ]*\)[ ]*$/  {\"\1\", (void *) 0},/p'\'' -e '\''s/^[ABCDGIRSTW]* \([^ ]*\) \(lib[^ ]*\)$/  {"\2", (void *) \&\2},/p'\'' -e '\''s/^[ABCDGIRSTW]* \([^ ]*\) \([^ ]*\)$/  {"lib\2", (void *) \&\2},/p'\'''
lt_cv_sys_global_symbol_to_cdecl='sed -n -e '\''s/^T .* \(.*\)$/extern int \1();/p'\'' -e '\''s/^[ABCDGIRSTW]* .* \(.*\)$/extern char \1;/p'\'''
lt_cv_sys_max_cmd_len=3458764513820540925
lt_cv_to_host_file_cmd=func_convert_file_noop
lt_cv_to_tool_file_cmd=func_convert_file_noop

## ----------------- ##
## Output variables. ##
## ----------------- ##

ACLOCAL='${SHELL} /home/pratikku/vmod_build/libvmod-logging/missing aclocal-1.14'
AMDEPBACKSLASH='\'
AMDEP_FALSE='#'
AMDEP_TRUE=''
AMTAR='$${TAR-tar}'
AM_BACKSLASH='\'
AM_DEFAULT_V='$(AM_DEFAULT_VERBOSITY)'
AM_DEFAULT_VERBOSITY='1'
AM_V='$(V)'
AR='ar'
AUTOCONF='${SHELL} /home/pratikku/vmod_build/libvmod-logging/missing autoconf'
AUTOHEADER='${SHELL} /home/pratikku/vmod_build/libvmod-logging/missing autoheader'
AUTOMAKE='${SHELL} /home/pratikku/vmod_build/libvmod-logging/missing automake-1.14'
AWK='mawk'
CC='gcc -std=gnu99'
CCDEPMODE='depmode=gcc3'
CFLAGS='-g -O2'
CPP='gcc -E'
CPPFLAGS=''
CYGPATH_W='echo'
DEFS='-DHAVE_CONFIG_H'
DEPDIR='.deps'
DLLTOOL='false'
DSYMUTIL=''
DUMPBIN=''
ECHO_C=''
ECHO_N='-n'
ECHO_T=''
EGREP='/bin/grep -E'
EXEEXT=''
FGREP='/bin/grep -F'
GREP='/bin/grep'
HAVE_RST2MAN_FALSE='#'
HAVE_RST2MAN_TRUE=''
INSTALL_DATA='${INSTALL} -m 644'
INSTALL_PROGRAM='${INSTALL}'
INSTALL_SCRIPT='${INSTALL}'
INSTALL_STRIP_PROGRAM='$(install_sh) -c -s'
LD='/usr/bin/ld -m elf_x86_64'
LDFLAGS=''
LIBOBJS=''
LIBS=''
LIBTOOL='$(SHELL) $(top_builddir)/libtool'
LIPO=''
LN_S='ln -s'
LTLIBOBJS=''
MAKEINFO='${SHELL} /home/pratikku/vmod_build/libvmod-logging/missing makeinfo'
MANIFEST_TOOL=':'
MKDIR_P='/bin/mkdir -p'
NM='/usr/bin/nm -B'
NMEDIT=''
OBJDUMP='objdump'
OBJEXT='o'
OTOOL64=''
OTOOL=''
PACKAGE='libvmod-logging'
PACKAGE_BUGREPORT=''
PACKAGE_NAME='libvmod-logging'
PACKAGE_STRING='libvmod-logging trunk'
PACKAGE_TARNAME='libvmod-logging'
PACKAGE_URL=''
PACKAGE_VERSION='trunk'
PATH_SEPARATOR=':'
PKG_CONFIG='/usr/bin/pkg-config'
PKG_CONFIG_LIBDIR=''
PKG_CONFIG_PATH=''
PYTHON='python3'
RANLIB='ranlib'
RST2MAN='rst2man'
SED='/bin/sed'
SET_MAKE=''
SHELL='/bin/bash'
STRIP='strip'
VARNISHSRC='/home/pratikku/vmod_build/Varnish-Cache'
VERSION='trunk'
VMODDIR='/usr/lib/x86_64-linux-gnu/varnish/vmods'
ac_ct_AR='ar'
ac_ct_CC='gcc'
ac_ct_DUMPBIN=''
am__EXEEXT_FALSE=''
am__EXEEXT_TRUE='#'
am__fastdepCC_FALSE='#'
am__fastdepCC_TRUE=''
am__include='include'
am__isrc=''
am__leading_dot='.'
am__nodep='_no'
am__quote=''
am__tar='$${TAR-tar} chof - "$$tardir"'
am__untar='$${TAR-tar} xf -'
bindir='${exec_prefix}/bin'
build='x86_64-unknown-linux-gnu'
build_alias=''
build_cpu='x86_64'
build_os='linux-gnu'
build_vendor='unknown'
datadir='${datarootdir}'
datarootdir='${prefix}/share'
docdir='${datarootdir}/doc/${PACKAGE_TARNAME}'
dvidir='${docdir}'
exec_prefix='${prefix}'
host='x86_64-unknown-linux-gnu'
host_alias=''
host_cpu='x86_64'
host_os='linux-gnu'
host_vendor='unknown'
htmldir='${docdir}'
includedir='${prefix}/include'
infodir='${datarootdir}/info'
install_sh='${SHELL} /home/pratikku/vmod_build/libvmod-logging/install-sh'
libdir='${exec_prefix}/lib'
libexecdir='${exec_prefix}/libexec'
localedir='${datarootdir}/locale'
localstatedir='${prefix}/var'
mandir='${datarootdir}/man'
mkdir_p='$(MKDIR_P)'
oldincludedir='/usr/include'
pdfdir='${docdir}'
prefix='/usr/local'
program_transform_name='s,x,x,'
psdir='${docdir}'
sbindir='${exec_prefix}/sbin'
sharedstatedir='${prefix}/com'
sysconfdir='${prefix}/etc'
target='x86_64-unknown-linux-gnu'
target_alias=''
target_cpu='x86_64'
target_os='linux-gnu'
target_vendor='unknown'

## ----------- ##
## confdefs.h. ##
## ----------- ##

/* confdefs.h */
#define PACKAGE_NAME "libvmod-logging"
#define PACKAGE_TARNAME "libvmod-logging"
#define PACKAGE_VERSION "trunk"
#define PACKAGE_STRING "libvmod-logging trunk"
#define PACKAGE_BUGREPORT ""
#define PACKAGE_URL ""
#define PACKAGE "libvmod-logging"
#define VERSION "trunk"
#define STDC_HEADERS 1
#define HAVE_SYS_TYPES_H 1
#define HAVE_SYS_STAT_H 1
#define HAVE_STDLIB_H 1
#define HAVE_STRING_H 1
#define HAVE_MEMORY_H 1
#define HAVE_STRINGS_H 1
#define HAVE_INTTYPES_H 1
#define HAVE_STDINT_H 1
#define HAVE_UNISTD_H 1
#define __EXTENSIONS__ 1
#define _ALL_SOURCE 1
#define _GNU_SOURCE 1
#define _POSIX_PTHREAD_SEMANTICS 1
#define _TANDEM_SOURCE 1
#define HAVE_DLFCN_H 1
#define LT_OBJDIR ".libs/"
#define STDC_HEADERS 1

configure: exit 0

## ---------------------- ##
## Running config.status. ##
## ---------------------- ##

This file was extended by libvmod-logging config.status trunk, which was
generated by GNU Autoconf 2.69.  Invocation command line was

  CONFIG_FILES    = 
  CONFIG_HEADERS  = 
  CONFIG_LINKS    = 
  CONFIG_COMMANDS = 
  $ ./config.status 

on pratikku-ThinkPad-X230

config.status:1100: creating Makefile
config.status:1100: creating src/Makefile
config.status:1100: creating config.h
config.status:1281: config.h is unchanged
config.status:1329: executing depfiles commands
config.status:1329: executing libtool commands

## ---------------------- ##
## Running config.status. ##
## ---------------------- ##

This file was extended by libvmod-logging config.status trunk, which was
generated by GNU Autoconf 2.69.  Invocation command line was

  CONFIG_FILES    = 
  CONFIG_HEADERS  = 
  CONFIG_LINKS    = 
  CONFIG_COMMANDS = 
  $ ./config.status config.h

on pratikku-ThinkPad-X230

config.status:1100: creating config.h
config.status:1281: config.h is unchanged
